Using pre-set license
Built from '2020.3/staging' branch; Version is '2020.3.11f1 (99c7afb366b3) revision 10078127'; Using compiler version '192528614'; Build Type 'Release'
OS: 'Windows 10 Pro N; OS build 19042.1052; Version 2009; 64bit' Language: 'pl' Physical Memory: 8139 MB
BatchMode: 1, IsHumanControllingUs: 0, StartBugReporterOnCrash: 0, Is64bit: 1, IsPro: 0

 COMMAND LINE ARGUMENTS:
D:\Unity\Unity proper\2020.3.11f1\Editor\Unity.exe
-adb2
-batchMode
-noUpm
-name
AssetImportWorker0
-projectPath
D:/b0b
-logFile
Logs/AssetImportWorker0.log
-srvPort
51381
Successfully changed project path to: D:/b0b
D:/b0b
Using Asset Import Pipeline V2.
Refreshing native plugins compatible for Editor in 55.81 ms, found 3 plugins.
Preloading 0 native plugins for Editor in 0.00 ms.
Initialize engine version: 2020.3.11f1 (99c7afb366b3)
[Subsystems] Discovering subsystems at path D:/Unity/Unity proper/2020.3.11f1/Editor/Data/Resources/UnitySubsystems
[Subsystems] Discovering subsystems at path D:/b0b/Assets
GfxDevice: creating device client; threaded=0
Direct3D:
    Version:  Direct3D 11.0 [level 11.1]
    Renderer: NVIDIA GeForce GTX 1050 (ID=0x1c81)
    Vendor:   
    VRAM:     1977 MB
    Driver:   27.21.14.5671
Initialize mono
Mono path[0] = 'D:/Unity/Unity proper/2020.3.11f1/Editor/Data/Managed'
Mono path[1] = 'D:/Unity/Unity proper/2020.3.11f1/Editor/Data/MonoBleedingEdge/lib/mono/unityjit'
Mono config path = 'D:/Unity/Unity proper/2020.3.11f1/Editor/Data/MonoBleedingEdge/etc'
Using monoOptions --debugger-agent=transport=dt_socket,embedding=1,server=y,suspend=n,address=127.0.0.1:56276
Begin MonoManager ReloadAssembly
Registering precompiled unity dll's ...
Register platform support module: D:/Unity/Unity proper/2020.3.11f1/Editor/Data/PlaybackEngines/MacStandaloneSupport/UnityEditor.OSXStandalone.Extensions.dll
Register platform support module: D:/Unity/Unity proper/2020.3.11f1/Editor/Data/PlaybackEngines/WindowsStandaloneSupport/UnityEditor.WindowsStandalone.Extensions.dll
Registered in 0.001788 seconds.
Native extension for WindowsStandalone target not found
Native extension for OSXStandalone target not found
Refreshing native plugins compatible for Editor in 59.06 ms, found 3 plugins.
Preloading 0 native plugins for Editor in 0.00 ms.
Mono: successfully reloaded assembly
- Completed reload, in  1.519 seconds
Platform modules already initialized, skipping
Registering precompiled user dll's ...
Registered in 0.004203 seconds.
Begin MonoManager ReloadAssembly
Native extension for WindowsStandalone target not found
Native extension for OSXStandalone target not found
Refreshing native plugins compatible for Editor in 60.50 ms, found 3 plugins.
Preloading 0 native plugins for Editor in 0.00 ms.
Mono: successfully reloaded assembly
- Completed reload, in  1.689 seconds
Platform modules already initialized, skipping
========================================================================
Worker process is ready to serve import requests
Launched and connected shader compiler UnityShaderCompiler.exe after 0.13 seconds
Refreshing native plugins compatible for Editor in 0.54 ms, found 3 plugins.
Preloading 0 native plugins for Editor in 0.00 ms.
Unloading 2083 Unused Serialized files (Serialized files now loaded: 0)
System memory in use before: 92.9 MB.
System memory in use after: 92.9 MB.

Unloading 33 unused Assets to reduce memory usage. Loaded Objects now: 2516.
Total: 5.363100 ms (FindLiveObjects: 0.733800 ms CreateObjectMapping: 0.350900 ms MarkObjects: 3.976100 ms  DeleteObjects: 0.300200 ms)

========================================================================
Received Import Request.
  path: Packages/com.unity.ide.vscode
  artifactKey: Guid(1c61a04a5b7737c4d16673d64be4194e) Importer(815301076,1909f56bfc062723c751e8b465ee728b)
Start importing Packages/com.unity.ide.vscode using Guid(1c61a04a5b7737c4d16673d64be4194e) Importer(815301076,1909f56bfc062723c751e8b465ee728b)  -> (artifact id: '6eb59e90e7b94b511476370c7399373e') in 0.015328 seconds
  Import took 0.038965 seconds .

========================================================================
Received Import Request.
  Time since last request: 3.187633 seconds.
  path: Packages/com.unity.2d.spriteshape/Editor/ObjectMenuCreation/DefaultAssets/Sprite Shapes/Closed Sprite Shape.prefab
  artifactKey: Guid(c0583b4e855c74b8c82e7b9b5efb5ce9) Importer(815301076,1909f56bfc062723c751e8b465ee728b)
Start importing Packages/com.unity.2d.spriteshape/Editor/ObjectMenuCreation/DefaultAssets/Sprite Shapes/Closed Sprite Shape.prefab using Guid(c0583b4e855c74b8c82e7b9b5efb5ce9) Importer(815301076,1909f56bfc062723c751e8b465ee728b)  -> (artifact id: '2cce7a24742fd5e8a8ab2da20c69032f') in 0.229166 seconds
  Import took 0.233728 seconds .

========================================================================
Received Import Request.
  Time since last request: 0.000229 seconds.
  path: Packages/com.unity.2d.spriteshape/Editor/ObjectMenuCreation/DefaultAssets/Sprite Shapes/Open Sprite Shape.prefab
  artifactKey: Guid(86ae7de409eb54f619fb1328e4d42480) Importer(815301076,1909f56bfc062723c751e8b465ee728b)
Start importing Packages/com.unity.2d.spriteshape/Editor/ObjectMenuCreation/DefaultAssets/Sprite Shapes/Open Sprite Shape.prefab using Guid(86ae7de409eb54f619fb1328e4d42480) Importer(815301076,1909f56bfc062723c751e8b465ee728b)  -> (artifact id: 'bdee885e51b9ccf0fcef3a7dbe274ecc') in 0.018763 seconds
  Import took 0.033140 seconds .

========================================================================
Received Prepare
Registering precompiled user dll's ...
Registered in 0.005781 seconds.
Begin MonoManager ReloadAssembly
Native extension for WindowsStandalone target not found
Native extension for OSXStandalone target not found
Refreshing native plugins compatible for Editor in 1.23 ms, found 3 plugins.
Preloading 0 native plugins for Editor in 0.00 ms.
Mono: successfully reloaded assembly
- Completed reload, in  1.551 seconds
Platform modules already initialized, skipping
Refreshing native plugins compatible for Editor in 0.96 ms, found 3 plugins.
Preloading 0 native plugins for Editor in 0.00 ms.
Unloading 2085 Unused Serialized files (Serialized files now loaded: 0)
System memory in use before: 93.1 MB.
System memory in use after: 93.1 MB.

Unloading 21 unused Assets to reduce memory usage. Loaded Objects now: 2527.
Total: 5.562200 ms (FindLiveObjects: 0.260100 ms CreateObjectMapping: 0.069400 ms MarkObjects: 5.082000 ms  DeleteObjects: 0.148900 ms)

========================================================================
Received Prepare
Registering precompiled user dll's ...
Registered in 0.021971 seconds.
Begin MonoManager ReloadAssembly
Native extension for WindowsStandalone target not found
Native extension for OSXStandalone target not found
Refreshing native plugins compatible for Editor in 0.83 ms, found 3 plugins.
Preloading 0 native plugins for Editor in 0.00 ms.
[ScriptCompilation] NOT recompiling all scripts because this is an import worker process. Reason to compile was: Define symbols changed
[ScriptCompilation] NOT recompiling all scripts because this is an import worker process. Reason to compile was: Define symbols changed
[ScriptCompilation] NOT recompiling all scripts because this is an import worker process. Reason to compile was: Define symbols changed
[ScriptCompilation] NOT recompiling all scripts because this is an import worker process. Reason to compile was: Define symbols changed
[ScriptCompilation] NOT recompiling all scripts because this is an import worker process. Reason to compile was: Define symbols changed
[ScriptCompilation] NOT recompiling all scripts because this is an import worker process. Reason to compile was: Define symbols changed
[ScriptCompilation] NOT recompiling all scripts because this is an import worker process. Reason to compile was: Define symbols changed
Mono: successfully reloaded assembly
- Completed reload, in  1.764 seconds
Platform modules already initialized, skipping
Refreshing native plugins compatible for Editor in 0.86 ms, found 3 plugins.
Preloading 0 native plugins for Editor in 0.00 ms.
Unloading 3241 Unused Serialized files (Serialized files now loaded: 0)
System memory in use before: 121.1 MB.
System memory in use after: 121.2 MB.

Unloading 40 unused Assets to reduce memory usage. Loaded Objects now: 3811.
Total: 4.166300 ms (FindLiveObjects: 0.437400 ms CreateObjectMapping: 0.187200 ms MarkObjects: 3.359400 ms  DeleteObjects: 0.180300 ms)

========================================================================
Received Import Request.
  Time since last request: 426.296198 seconds.
  path: Assets/PlayMaker/Actions
  artifactKey: Guid(e0f28db390b02c649923758f704fd26e) Importer(815301076,1909f56bfc062723c751e8b465ee728b)
Start importing Assets/PlayMaker/Actions using Guid(e0f28db390b02c649923758f704fd26e) Importer(815301076,1909f56bfc062723c751e8b465ee728b)  -> (artifact id: '839179942fe59994dc867eef30e07a2f') in 0.020389 seconds
  Import took 0.027779 seconds .

========================================================================
Received Import Request.
  Time since last request: 5.132927 seconds.
  path: Assets/PlayMaker/Actions/Animation
  artifactKey: Guid(46245649d52953640b7095b573d2ff3c) Importer(815301076,1909f56bfc062723c751e8b465ee728b)
Start importing Assets/PlayMaker/Actions/Animation using Guid(46245649d52953640b7095b573d2ff3c) Importer(815301076,1909f56bfc062723c751e8b465ee728b)  -> (artifact id: 'a9826064c7c3821b6ef441301f0ec300') in 0.012949 seconds
  Import took 0.021690 seconds .

========================================================================
Received Import Request.
  Time since last request: 1.190660 seconds.
  path: Assets/PlayMaker/Actions/Animation/AddAnimationClip.cs
  artifactKey: Guid(8b9bc61aa3cfd0e43818e823d44ac217) Importer(815301076,1909f56bfc062723c751e8b465ee728b)
Start importing Assets/PlayMaker/Actions/Animation/AddAnimationClip.cs using Guid(8b9bc61aa3cfd0e43818e823d44ac217) Importer(815301076,1909f56bfc062723c751e8b465ee728b)  -> (artifact id: '7fbbf8ec7d3d486d60a65c3e10a951d2') in 0.079400 seconds
  Import took 0.087396 seconds .

========================================================================
Received Import Request.
  Time since last request: 36.254176 seconds.
  path: Assets/Gizmos/FsmTemplate Icon.png
  artifactKey: Guid(b79a8c6a7f59ffe4caefb7ee0dbb6c28) Importer(815301076,1909f56bfc062723c751e8b465ee728b)
Start importing Assets/Gizmos/FsmTemplate Icon.png using Guid(b79a8c6a7f59ffe4caefb7ee0dbb6c28) Importer(815301076,1909f56bfc062723c751e8b465ee728b)  -> (artifact id: 'e4e52e3e377740b8c29dd50356a9ac09') in 0.202494 seconds
  Import took 0.209243 seconds .

========================================================================
Received Import Request.
  Time since last request: 0.000308 seconds.
  path: Assets/Gizmos/PlayMakerFSM Icon.png
  artifactKey: Guid(4889c347147d7844a93bbdd28089ce27) Importer(815301076,1909f56bfc062723c751e8b465ee728b)
Start importing Assets/Gizmos/PlayMakerFSM Icon.png using Guid(4889c347147d7844a93bbdd28089ce27) Importer(815301076,1909f56bfc062723c751e8b465ee728b)  -> (artifact id: 'dc4956e2e6eea10c1f03737deea81ba0') in 0.028117 seconds
  Import took 0.037092 seconds .

========================================================================
Received Import Request.
  Time since last request: 0.000255 seconds.
  path: Assets/Gizmos/PlayMakerPrefs Icon.png
  artifactKey: Guid(70b5f8288a5c3a64b9b1bc002bcf0c28) Importer(815301076,1909f56bfc062723c751e8b465ee728b)
Start importing Assets/Gizmos/PlayMakerPrefs Icon.png using Guid(70b5f8288a5c3a64b9b1bc002bcf0c28) Importer(815301076,1909f56bfc062723c751e8b465ee728b)  -> (artifact id: 'c8420ea7754389f59d10c902e508d0a2') in 0.026005 seconds
  Import took 0.034527 seconds .

========================================================================
Received Import Request.
  Time since last request: 0.000267 seconds.
  path: Assets/Gizmos/PlaymakerIcon.png
  artifactKey: Guid(bffda5937c31b0442bb9cb53bbc2771b) Importer(815301076,1909f56bfc062723c751e8b465ee728b)
Start importing Assets/Gizmos/PlaymakerIcon.png using Guid(bffda5937c31b0442bb9cb53bbc2771b) Importer(815301076,1909f56bfc062723c751e8b465ee728b)  -> (artifact id: '1ad6a947b61e4d51919a6d298e273ed6') in 0.036358 seconds
  Import took 0.046796 seconds .

========================================================================
Received Import Request.
  Time since last request: 0.000324 seconds.
  path: Assets/Gizmos/PlayMakerControls Icon.png
  artifactKey: Guid(4ac9185bf8ba41e4d81d2d443a326b2f) Importer(815301076,1909f56bfc062723c751e8b465ee728b)
Start importing Assets/Gizmos/PlayMakerControls Icon.png using Guid(4ac9185bf8ba41e4d81d2d443a326b2f) Importer(815301076,1909f56bfc062723c751e8b465ee728b)  -> (artifact id: '147ecd04462b75c7a85dbf6da9051223') in 0.023588 seconds
  Import took 0.033311 seconds .

========================================================================
Received Import Request.
  Time since last request: 0.000221 seconds.
  path: Assets/Gizmos/PlayMakerGUI Icon.png
  artifactKey: Guid(2c7db6fc3f6ab6b429b6a3924d3820eb) Importer(815301076,1909f56bfc062723c751e8b465ee728b)
Start importing Assets/Gizmos/PlayMakerGUI Icon.png using Guid(2c7db6fc3f6ab6b429b6a3924d3820eb) Importer(815301076,1909f56bfc062723c751e8b465ee728b)  -> (artifact id: 'aa2b96447662425ec9a780ecdcfcf402') in 0.027220 seconds
  Import took 0.034934 seconds .

========================================================================
Received Import Request.
  Time since last request: 0.000239 seconds.
  path: Assets/Gizmos/VariableTypeDefinitionAsset Icon.png
  artifactKey: Guid(30bf117e9e9b31c478115ce54be2ef9d) Importer(815301076,1909f56bfc062723c751e8b465ee728b)
Start importing Assets/Gizmos/VariableTypeDefinitionAsset Icon.png using Guid(30bf117e9e9b31c478115ce54be2ef9d) Importer(815301076,1909f56bfc062723c751e8b465ee728b)  -> (artifact id: 'f694dd293c6b3b8dec50abe77c4480c6') in 0.026982 seconds
  Import took 0.034018 seconds .

========================================================================
Received Import Request.
  Time since last request: 0.000224 seconds.
  path: Assets/Gizmos/PlayMakerGlobals Icon.png
  artifactKey: Guid(60204a42898e09e44afa4f4ca5ed1da1) Importer(815301076,1909f56bfc062723c751e8b465ee728b)
Start importing Assets/Gizmos/PlayMakerGlobals Icon.png using Guid(60204a42898e09e44afa4f4ca5ed1da1) Importer(815301076,1909f56bfc062723c751e8b465ee728b)  -> (artifact id: '7da9ef89edc747323c33c2d3156220ad') in 0.027556 seconds
  Import took 0.034445 seconds .

========================================================================
Received Import Request.
  Time since last request: 0.000217 seconds.
  path: Assets/Gizmos/PlayMakerNotes Icon.png
  artifactKey: Guid(3c6ce8269c92d4a4f99f911813c0b613) Importer(815301076,1909f56bfc062723c751e8b465ee728b)
Start importing Assets/Gizmos/PlayMakerNotes Icon.png using Guid(3c6ce8269c92d4a4f99f911813c0b613) Importer(815301076,1909f56bfc062723c751e8b465ee728b)  -> (artifact id: 'e96cb9419524f435c0922337048d298c') in 0.030742 seconds
  Import took 0.037135 seconds .

========================================================================
Received Import Request.
  Time since last request: 102.889502 seconds.
  path: Assets/Sprites/NewPlayableBehaviour.cs
  artifactKey: Guid(75a323207700a6c41ba72bd9c276667c) Importer(815301076,1909f56bfc062723c751e8b465ee728b)
Start importing Assets/Sprites/NewPlayableBehaviour.cs using Guid(75a323207700a6c41ba72bd9c276667c) Importer(815301076,1909f56bfc062723c751e8b465ee728b)  -> (artifact id: 'b270b79d8a4bddcf2bc436a352ef3ab4') in 0.014583 seconds
  Import took 0.021961 seconds .

========================================================================
Received Prepare
Registering precompiled user dll's ...
Registered in 0.013816 seconds.
Begin MonoManager ReloadAssembly
Native extension for WindowsStandalone target not found
Native extension for OSXStandalone target not found
Refreshing native plugins compatible for Editor in 1.05 ms, found 3 plugins.
Preloading 0 native plugins for Editor in 0.00 ms.
[ScriptCompilation] NOT recompiling all scripts because this is an import worker process. Reason to compile was: Define symbols changed
[ScriptCompilation] NOT recompiling all scripts because this is an import worker process. Reason to compile was: Define symbols changed
[ScriptCompilation] NOT recompiling all scripts because this is an import worker process. Reason to compile was: Define symbols changed
[ScriptCompilation] NOT recompiling all scripts because this is an import worker process. Reason to compile was: Define symbols changed
[ScriptCompilation] NOT recompiling all scripts because this is an import worker process. Reason to compile was: Define symbols changed
[ScriptCompilation] NOT recompiling all scripts because this is an import worker process. Reason to compile was: Define symbols changed
[ScriptCompilation] NOT recompiling all scripts because this is an import worker process. Reason to compile was: Define symbols changed
Mono: successfully reloaded assembly
- Completed reload, in  1.666 seconds
Platform modules already initialized, skipping
Refreshing native plugins compatible for Editor in 0.84 ms, found 3 plugins.
Preloading 0 native plugins for Editor in 0.00 ms.
Unloading 3241 Unused Serialized files (Serialized files now loaded: 0)
System memory in use before: 121.2 MB.
System memory in use after: 121.3 MB.

Unloading 40 unused Assets to reduce memory usage. Loaded Objects now: 3819.
Total: 3.571400 ms (FindLiveObjects: 0.407200 ms CreateObjectMapping: 0.105100 ms MarkObjects: 2.894200 ms  DeleteObjects: 0.163300 ms)

========================================================================
Received Import Request.
  Time since last request: 283.973912 seconds.
  path: Assets/Sprites/Variable Type Definition.asset
  artifactKey: Guid(d329dc71e4ced634db6db2999270b4a6) Importer(815301076,1909f56bfc062723c751e8b465ee728b)
Start importing Assets/Sprites/Variable Type Definition.asset using Guid(d329dc71e4ced634db6db2999270b4a6) Importer(815301076,1909f56bfc062723c751e8b465ee728b)  -> (artifact id: 'baaf8bd9128dea6114412fdc7b49f827') in 0.026875 seconds
  Import took 0.033614 seconds .

========================================================================
Received Import Request.
  Time since last request: 0.031187 seconds.
  path: Assets/Sprites/Variable Type Definition.asset
  artifactKey: Guid(d329dc71e4ced634db6db2999270b4a6) Importer(815301076,1909f56bfc062723c751e8b465ee728b)
Start importing Assets/Sprites/Variable Type Definition.asset using Guid(d329dc71e4ced634db6db2999270b4a6) Importer(815301076,1909f56bfc062723c751e8b465ee728b)  -> (artifact id: 'baaf8bd9128dea6114412fdc7b49f827') in 0.004882 seconds
  Import took 0.012419 seconds .

AssetImportWorkerClient::OnTransportError - code=2 error=End of file
